<?xml version="1.0" encoding="UTF-8"?>
<testng-results skipped="0" failed="0" ignored="0" total="1" passed="1">
  <reporter-output>
  </reporter-output>
  <suite name="Default suite" duration-ms="11486" started-at="2021-06-13T20:36:18Z" finished-at="2021-06-13T20:36:29Z">
    <groups>
    </groups>
    <test name="Default test" duration-ms="11486" started-at="2021-06-13T20:36:18Z" finished-at="2021-06-13T20:36:29Z">
      <class name="tests.TestProfileSettings">
        <test-method status="PASS" signature="createDriver()[pri:0, instance:tests.TestProfileSettings@47c62251]" name="createDriver" is-config="true" duration-ms="1495" started-at="2021-06-13T20:36:18Z" finished-at="2021-06-13T20:36:19Z">
          <reporter-output>
          </reporter-output>
        </test-method> <!-- createDriver -->
        <test-method status="PASS" signature="logIn()[pri:0, instance:tests.TestProfileSettings@47c62251]" name="logIn" is-config="true" duration-ms="4886" started-at="2021-06-13T20:36:19Z" finished-at="2021-06-13T20:36:24Z">
          <reporter-output>
          </reporter-output>
        </test-method> <!-- logIn -->
        <test-method status="PASS" signature="testEditProfile()[pri:0, instance:tests.TestProfileSettings@47c62251]" name="testEditProfile" duration-ms="5095" started-at="2021-06-13T20:36:24Z" finished-at="2021-06-13T20:36:29Z">
          <reporter-output>
          </reporter-output>
        </test-method> <!-- testEditProfile -->
      </class> <!-- tests.TestProfileSettings -->
    </test> <!-- Default test -->
  </suite> <!-- Default suite -->
</testng-results>
